13:54:53.344 INFO - Selenium build info: version: '3.7.1', revision: '8a0099a'
13:54:53.360 INFO - Launching a standalone Selenium Server
2017-12-01 13:54:53.375:INFO::main: Logging initialized @301ms to org.seleniumhq.jetty9.util.log.StdErrLog
13:54:53.429 INFO - Driver class not found: com.opera.core.systems.OperaDriver
13:54:53.445 INFO - Driver provider class org.openqa.selenium.safari.SafariDriver registration is skipped:
 registration capabilities Capabilities {browserName: safari, platform: MAC, version: } does not match the current platform WIN10
13:54:53.492 INFO - Using the passthrough mode handler
2017-12-01 13:54:53.514:INFO:osjs.Server:main: jetty-9.4.5.v20170502
2017-12-01 13:54:53.530:WARN:osjs.SecurityHandler:main: ServletContext@o.s.j.s.ServletContextHandler@21b2e768{/,null,STARTING} has uncovered http methods for path: /
2017-12-01 13:54:53.530:INFO:osjsh.ContextHandler:main: Started o.s.j.s.ServletContextHandler@21b2e768{/,null,AVAILABLE}
2017-12-01 13:54:53.615:INFO:osjs.AbstractConnector:main: Started ServerConnector@6edd3d2c{HTTP/1.1,[http/1.1]}{0.0.0.0:4445}
2017-12-01 13:54:53.615:INFO:osjs.Server:main: Started @544ms
13:54:53.615 INFO - Selenium Server is up and running
2017-12-01 13:54:53.809:INFO:osjshC.ROOT:qtp1983025922-17: org.openqa.selenium.remote.server.WebDriverServlet-1165b38: Initialising WebDriverServlet
13:54:53.844 INFO - Found handler: org.openqa.selenium.remote.server.commandhandler.BeginSession@2a6072b2
13:54:53.859 INFO - /session: Executing POST on /session (handler: BeginSession)
13:54:53.891 INFO - Capabilities are: Capabilities {acceptSslCerts: true, browserName: chrome, javascriptEnabled: true, name: Test}
13:54:53.908 INFO - Capabilities {acceptSslCerts: true, browserName: chrome, javascriptEnabled: true, name: Test} matched class org.openqa.selenium.remote.server.ServicedSession$Factory (provider: org.openqa.selenium.chrome.ChromeDriverService)
Starting ChromeDriver 2.33.506120 (e3e53437346286c0bc2d2dc9aa4915ba81d9023f) on port 48122
Only local connections are allowed.
13:54:56.050 INFO - Detected dialect: OSS
13:54:56.319 INFO - Found handler: org.openqa.selenium.remote.server.ServicedSession@11a39e94
13:54:56.320 INFO - Handler thread for session 79fe8d7e52912b41ee665e8120a26fac (chrome): Executing POST on /session/79fe8d7e52912b41ee665e8120a26fac/url (handler: ServicedSession)
13:54:56.320 INFO - To upstream: {"url":"http://192.168.11.79:3000"}
13:55:17.670 INFO - To downstream: {"sessionId":"79fe8d7e52912b41ee665e8120a26fac","status":0,"value":null}
13:55:17.675 INFO - Found handler: org.openqa.selenium.remote.server.ServicedSession@11a39e94
13:55:17.676 INFO - Handler thread for session 79fe8d7e52912b41ee665e8120a26fac (chrome): Executing POST on /session/79fe8d7e52912b41ee665e8120a26fac/url (handler: ServicedSession)
13:55:17.677 INFO - To upstream: {"url":"http://192.168.11.79:3000"}
13:55:18.240 INFO - To downstream: {"sessionId":"79fe8d7e52912b41ee665e8120a26fac","status":0,"value":null}
13:55:18.247 INFO - Found handler: org.openqa.selenium.remote.server.ServicedSession@11a39e94
13:55:18.248 INFO - Handler thread for session 79fe8d7e52912b41ee665e8120a26fac (chrome): Executing POST on /session/79fe8d7e52912b41ee665e8120a26fac/element (handler: ServicedSession)
13:55:18.249 INFO - To upstream: {"using":"css selector","value":"a[name=\"headerHome\"]"}
13:55:18.268 INFO - To downstream: {"sessionId":"79fe8d7e52912b41ee665e8120a26fac","status":0,"value":{"ELEMENT":"0.4169733875116801-1"}}
13:55:18.268 INFO - Found handler: org.openqa.selenium.remote.server.ServicedSession@11a39e94
13:55:18.268 INFO - Handler thread for session 79fe8d7e52912b41ee665e8120a26fac (chrome): Executing POST on /session/79fe8d7e52912b41ee665e8120a26fac/element/0.4169733875116801-1/click (handler: ServicedSession)
13:55:18.268 INFO - To upstream: 
13:55:18.324 INFO - To downstream: {"sessionId":"79fe8d7e52912b41ee665e8120a26fac","status":13,"value":{"message":"unknown error: Element \u003Ca name=\"header...\" href=\"/home\" style=\"color: rgb(237, 201, 58);\">Home\u003C/a> is not clickable at point (410, 66). Other element would receive the click: \u003Cdiv class=\"home-logo-container\">...\u003C/div>\n  (Session info: chrome=62.0.3202.94)\n  (Driver info: chromedriver=2.33.506120 (e3e53437346286c0bc2d2dc9aa4915ba81d9023f),platform=Windows NT 10.0.15063 x86_64)"}}
13:55:18.840 INFO - Found handler: org.openqa.selenium.remote.server.ServicedSession@11a39e94
13:55:18.840 INFO - Handler thread for session 79fe8d7e52912b41ee665e8120a26fac (chrome): Executing GET on /session/79fe8d7e52912b41ee665e8120a26fac/url (handler: ServicedSession)
13:55:18.840 INFO - To downstream: {"sessionId":"79fe8d7e52912b41ee665e8120a26fac","status":0,"value":"http://192.168.11.79:3000/home"}
13:55:18.840 INFO - Found handler: org.openqa.selenium.remote.server.ServicedSession@11a39e94
13:55:18.840 INFO - Handler thread for session 79fe8d7e52912b41ee665e8120a26fac (chrome): Executing POST on /session/79fe8d7e52912b41ee665e8120a26fac/element (handler: ServicedSession)
13:55:18.840 INFO - To upstream: {"using":"css selector","value":"a[name=\"headerCalendar\"]"}
13:55:18.870 INFO - To downstream: {"sessionId":"79fe8d7e52912b41ee665e8120a26fac","status":0,"value":{"ELEMENT":"0.4169733875116801-2"}}
13:55:18.873 INFO - Found handler: org.openqa.selenium.remote.server.ServicedSession@11a39e94
13:55:18.874 INFO - Handler thread for session 79fe8d7e52912b41ee665e8120a26fac (chrome): Executing POST on /session/79fe8d7e52912b41ee665e8120a26fac/element/0.4169733875116801-2/click (handler: ServicedSession)
13:55:18.875 INFO - To upstream: 
13:55:18.944 INFO - To downstream: {"sessionId":"79fe8d7e52912b41ee665e8120a26fac","status":0,"value":null}
13:55:19.455 INFO - Found handler: org.openqa.selenium.remote.server.ServicedSession@11a39e94
13:55:19.455 INFO - Handler thread for session 79fe8d7e52912b41ee665e8120a26fac (chrome): Executing GET on /session/79fe8d7e52912b41ee665e8120a26fac/url (handler: ServicedSession)
13:55:19.460 INFO - To downstream: {"sessionId":"79fe8d7e52912b41ee665e8120a26fac","status":0,"value":"http://192.168.11.79:3000/calendar"}
13:55:19.462 INFO - Found handler: org.openqa.selenium.remote.server.ServicedSession@11a39e94
13:55:19.462 INFO - Handler thread for session 79fe8d7e52912b41ee665e8120a26fac (chrome): Executing POST on /session/79fe8d7e52912b41ee665e8120a26fac/element (handler: ServicedSession)
13:55:19.462 INFO - To upstream: {"using":"css selector","value":"a[name=\"headerAbout Us\"]"}
13:55:19.481 INFO - To downstream: {"sessionId":"79fe8d7e52912b41ee665e8120a26fac","status":0,"value":{"ELEMENT":"0.4169733875116801-3"}}
13:55:19.483 INFO - Found handler: org.openqa.selenium.remote.server.ServicedSession@11a39e94
13:55:19.484 INFO - Handler thread for session 79fe8d7e52912b41ee665e8120a26fac (chrome): Executing POST on /session/79fe8d7e52912b41ee665e8120a26fac/element/0.4169733875116801-3/click (handler: ServicedSession)
13:55:19.485 INFO - To upstream: 
13:55:19.577 INFO - To downstream: {"sessionId":"79fe8d7e52912b41ee665e8120a26fac","status":0,"value":null}
13:55:20.079 INFO - Found handler: org.openqa.selenium.remote.server.ServicedSession@11a39e94
13:55:20.080 INFO - Handler thread for session 79fe8d7e52912b41ee665e8120a26fac (chrome): Executing GET on /session/79fe8d7e52912b41ee665e8120a26fac/url (handler: ServicedSession)
13:55:20.084 INFO - To downstream: {"sessionId":"79fe8d7e52912b41ee665e8120a26fac","status":0,"value":"http://192.168.11.79:3000/about"}
13:55:20.088 INFO - Found handler: org.openqa.selenium.remote.server.ServicedSession@11a39e94
13:55:20.088 INFO - Handler thread for session 79fe8d7e52912b41ee665e8120a26fac (chrome): Executing POST on /session/79fe8d7e52912b41ee665e8120a26fac/element (handler: ServicedSession)
13:55:20.090 INFO - To upstream: {"using":"css selector","value":"a[name=\"headerMedia\"]"}
13:55:20.111 INFO - To downstream: {"sessionId":"79fe8d7e52912b41ee665e8120a26fac","status":0,"value":{"ELEMENT":"0.4169733875116801-4"}}
13:55:20.114 INFO - Found handler: org.openqa.selenium.remote.server.ServicedSession@11a39e94
13:55:20.114 INFO - Handler thread for session 79fe8d7e52912b41ee665e8120a26fac (chrome): Executing POST on /session/79fe8d7e52912b41ee665e8120a26fac/element/0.4169733875116801-4/click (handler: ServicedSession)
13:55:20.115 INFO - To upstream: 
13:55:20.201 INFO - To downstream: {"sessionId":"79fe8d7e52912b41ee665e8120a26fac","status":0,"value":null}
13:55:20.705 INFO - Found handler: org.openqa.selenium.remote.server.ServicedSession@11a39e94
13:55:20.705 INFO - Handler thread for session 79fe8d7e52912b41ee665e8120a26fac (chrome): Executing GET on /session/79fe8d7e52912b41ee665e8120a26fac/url (handler: ServicedSession)
13:55:20.705 INFO - To downstream: {"sessionId":"79fe8d7e52912b41ee665e8120a26fac","status":0,"value":"http://192.168.11.79:3000/media"}
13:55:20.705 INFO - Found handler: org.openqa.selenium.remote.server.ServicedSession@11a39e94
13:55:20.705 INFO - Handler thread for session 79fe8d7e52912b41ee665e8120a26fac (chrome): Executing POST on /session/79fe8d7e52912b41ee665e8120a26fac/element (handler: ServicedSession)
13:55:20.705 INFO - To upstream: {"using":"css selector","value":"a[name=\"headerBlog\"]"}
13:55:20.732 INFO - To downstream: {"sessionId":"79fe8d7e52912b41ee665e8120a26fac","status":0,"value":{"ELEMENT":"0.4169733875116801-5"}}
13:55:20.736 INFO - Found handler: org.openqa.selenium.remote.server.ServicedSession@11a39e94
13:55:20.736 INFO - Handler thread for session 79fe8d7e52912b41ee665e8120a26fac (chrome): Executing POST on /session/79fe8d7e52912b41ee665e8120a26fac/element/0.4169733875116801-5/click (handler: ServicedSession)
13:55:20.738 INFO - To upstream: 
13:55:20.845 INFO - To downstream: {"sessionId":"79fe8d7e52912b41ee665e8120a26fac","status":0,"value":null}
13:55:21.360 INFO - Found handler: org.openqa.selenium.remote.server.ServicedSession@11a39e94
13:55:21.360 INFO - Handler thread for session 79fe8d7e52912b41ee665e8120a26fac (chrome): Executing GET on /session/79fe8d7e52912b41ee665e8120a26fac/url (handler: ServicedSession)
13:55:21.364 INFO - To downstream: {"sessionId":"79fe8d7e52912b41ee665e8120a26fac","status":0,"value":"http://192.168.11.79:3000/blog"}
13:55:21.364 INFO - Found handler: org.openqa.selenium.remote.server.ServicedSession@11a39e94
13:55:21.364 INFO - Handler thread for session 79fe8d7e52912b41ee665e8120a26fac (chrome): Executing POST on /session/79fe8d7e52912b41ee665e8120a26fac/element (handler: ServicedSession)
13:55:21.364 INFO - To upstream: {"using":"css selector","value":"a[name=\"headerSupport Us\"]"}
13:55:21.384 INFO - To downstream: {"sessionId":"79fe8d7e52912b41ee665e8120a26fac","status":0,"value":{"ELEMENT":"0.4169733875116801-6"}}
13:55:21.389 INFO - Found handler: org.openqa.selenium.remote.server.ServicedSession@11a39e94
13:55:21.390 INFO - Handler thread for session 79fe8d7e52912b41ee665e8120a26fac (chrome): Executing POST on /session/79fe8d7e52912b41ee665e8120a26fac/element/0.4169733875116801-6/click (handler: ServicedSession)
13:55:21.391 INFO - To upstream: 
13:55:21.494 INFO - To downstream: {"sessionId":"79fe8d7e52912b41ee665e8120a26fac","status":0,"value":null}
13:55:21.996 INFO - Found handler: org.openqa.selenium.remote.server.ServicedSession@11a39e94
13:55:21.996 INFO - Handler thread for session 79fe8d7e52912b41ee665e8120a26fac (chrome): Executing GET on /session/79fe8d7e52912b41ee665e8120a26fac/url (handler: ServicedSession)
13:55:21.996 INFO - To downstream: {"sessionId":"79fe8d7e52912b41ee665e8120a26fac","status":0,"value":"http://192.168.11.79:3000/support"}
13:55:22.110 INFO - Found handler: org.openqa.selenium.remote.server.ServicedSession@11a39e94
13:55:22.110 INFO - Handler thread for session 79fe8d7e52912b41ee665e8120a26fac (chrome): Executing POST on /session/79fe8d7e52912b41ee665e8120a26fac/url (handler: ServicedSession)
13:55:22.110 INFO - To upstream: {"url":"http://192.168.11.79:3000"}
13:55:23.522 INFO - To downstream: {"sessionId":"79fe8d7e52912b41ee665e8120a26fac","status":0,"value":null}
13:55:23.526 INFO - Found handler: org.openqa.selenium.remote.server.ServicedSession@11a39e94
13:55:23.526 INFO - Handler thread for session 79fe8d7e52912b41ee665e8120a26fac (chrome): Executing POST on /session/79fe8d7e52912b41ee665e8120a26fac/url (handler: ServicedSession)
13:55:23.527 INFO - To upstream: {"url":"http://192.168.11.79:3000/support"}
13:55:23.849 INFO - To downstream: {"sessionId":"79fe8d7e52912b41ee665e8120a26fac","status":0,"value":null}
13:55:23.859 INFO - Found handler: org.openqa.selenium.remote.server.ServicedSession@11a39e94
13:55:23.859 INFO - Handler thread for session 79fe8d7e52912b41ee665e8120a26fac (chrome): Executing POST on /session/79fe8d7e52912b41ee665e8120a26fac/element (handler: ServicedSession)
13:55:23.861 INFO - To upstream: {"using":"css selector","value":"input[name=\"email\"]"}
13:55:23.883 INFO - To downstream: {"sessionId":"79fe8d7e52912b41ee665e8120a26fac","status":0,"value":{"ELEMENT":"0.40588348639719274-1"}}
13:55:23.883 INFO - Found handler: org.openqa.selenium.remote.server.ServicedSession@11a39e94
13:55:23.883 INFO - Handler thread for session 79fe8d7e52912b41ee665e8120a26fac (chrome): Executing POST on /session/79fe8d7e52912b41ee665e8120a26fac/element/0.40588348639719274-1/clear (handler: ServicedSession)
13:55:23.883 INFO - To upstream: 
13:55:23.925 INFO - To downstream: {"sessionId":"79fe8d7e52912b41ee665e8120a26fac","status":0,"value":null}
13:55:23.928 INFO - Found handler: org.openqa.selenium.remote.server.ServicedSession@11a39e94
13:55:23.928 INFO - Handler thread for session 79fe8d7e52912b41ee665e8120a26fac (chrome): Executing POST on /session/79fe8d7e52912b41ee665e8120a26fac/element (handler: ServicedSession)
13:55:23.930 INFO - To upstream: {"using":"css selector","value":"input[name=\"email\"]"}
13:55:23.943 INFO - To downstream: {"sessionId":"79fe8d7e52912b41ee665e8120a26fac","status":0,"value":{"ELEMENT":"0.40588348639719274-1"}}
13:55:23.946 INFO - Found handler: org.openqa.selenium.remote.server.ServicedSession@11a39e94
13:55:23.947 INFO - Handler thread for session 79fe8d7e52912b41ee665e8120a26fac (chrome): Executing POST on /session/79fe8d7e52912b41ee665e8120a26fac/element/0.40588348639719274-1/value (handler: ServicedSession)
13:55:23.948 INFO - To upstream: {"value":["e","m","a","i","l",".","m","i","n","e","@","g","m","a","i","l",".","c","o","m"]}
13:55:24.111 INFO - To downstream: {"sessionId":"79fe8d7e52912b41ee665e8120a26fac","status":0,"value":null}
13:55:24.115 INFO - Found handler: org.openqa.selenium.remote.server.ServicedSession@11a39e94
13:55:24.115 INFO - Handler thread for session 79fe8d7e52912b41ee665e8120a26fac (chrome): Executing POST on /session/79fe8d7e52912b41ee665e8120a26fac/element (handler: ServicedSession)
13:55:24.116 INFO - To upstream: {"using":"css selector","value":"input[name=\"email\"]"}
13:55:24.124 INFO - To downstream: {"sessionId":"79fe8d7e52912b41ee665e8120a26fac","status":0,"value":{"ELEMENT":"0.40588348639719274-1"}}
13:55:24.126 INFO - Found handler: org.openqa.selenium.remote.server.ServicedSession@11a39e94
13:55:24.126 INFO - Handler thread for session 79fe8d7e52912b41ee665e8120a26fac (chrome): Executing GET on /session/79fe8d7e52912b41ee665e8120a26fac/element/0.40588348639719274-1/attribute/value (handler: ServicedSession)
13:55:24.132 INFO - To downstream: {"sessionId":"79fe8d7e52912b41ee665e8120a26fac","status":0,"value":"email.mine@gmail.com"}
13:55:24.136 INFO - Found handler: org.openqa.selenium.remote.server.ServicedSession@11a39e94
13:55:24.136 INFO - Handler thread for session 79fe8d7e52912b41ee665e8120a26fac (chrome): Executing POST on /session/79fe8d7e52912b41ee665e8120a26fac/element (handler: ServicedSession)
13:55:24.137 INFO - To upstream: {"using":"css selector","value":"input[name=\"amount\"]"}
13:55:24.154 INFO - To downstream: {"sessionId":"79fe8d7e52912b41ee665e8120a26fac","status":0,"value":{"ELEMENT":"0.40588348639719274-2"}}
13:55:24.156 INFO - Found handler: org.openqa.selenium.remote.server.ServicedSession@11a39e94
13:55:24.157 INFO - Handler thread for session 79fe8d7e52912b41ee665e8120a26fac (chrome): Executing POST on /session/79fe8d7e52912b41ee665e8120a26fac/element/0.40588348639719274-2/clear (handler: ServicedSession)
13:55:24.158 INFO - To upstream: 
13:55:24.184 INFO - To downstream: {"sessionId":"79fe8d7e52912b41ee665e8120a26fac","status":0,"value":null}
13:55:24.188 INFO - Found handler: org.openqa.selenium.remote.server.ServicedSession@11a39e94
13:55:24.189 INFO - Handler thread for session 79fe8d7e52912b41ee665e8120a26fac (chrome): Executing POST on /session/79fe8d7e52912b41ee665e8120a26fac/element (handler: ServicedSession)
13:55:24.190 INFO - To upstream: {"using":"css selector","value":"input[name=\"amount\"]"}
13:55:24.197 INFO - To downstream: {"sessionId":"79fe8d7e52912b41ee665e8120a26fac","status":0,"value":{"ELEMENT":"0.40588348639719274-2"}}
13:55:24.199 INFO - Found handler: org.openqa.selenium.remote.server.ServicedSession@11a39e94
13:55:24.199 INFO - Handler thread for session 79fe8d7e52912b41ee665e8120a26fac (chrome): Executing POST on /session/79fe8d7e52912b41ee665e8120a26fac/element/0.40588348639719274-2/value (handler: ServicedSession)
13:55:24.202 INFO - To upstream: {"value":["3","0","0"]}
13:55:24.249 INFO - To downstream: {"sessionId":"79fe8d7e52912b41ee665e8120a26fac","status":0,"value":null}
13:55:24.252 INFO - Found handler: org.openqa.selenium.remote.server.ServicedSession@11a39e94
13:55:24.252 INFO - Handler thread for session 79fe8d7e52912b41ee665e8120a26fac (chrome): Executing POST on /session/79fe8d7e52912b41ee665e8120a26fac/element (handler: ServicedSession)
13:55:24.253 INFO - To upstream: {"using":"css selector","value":"input[name=\"amount\"]"}
13:55:24.259 INFO - To downstream: {"sessionId":"79fe8d7e52912b41ee665e8120a26fac","status":0,"value":{"ELEMENT":"0.40588348639719274-2"}}
13:55:24.262 INFO - Found handler: org.openqa.selenium.remote.server.ServicedSession@11a39e94
13:55:24.262 INFO - Handler thread for session 79fe8d7e52912b41ee665e8120a26fac (chrome): Executing GET on /session/79fe8d7e52912b41ee665e8120a26fac/element/0.40588348639719274-2/attribute/value (handler: ServicedSession)
13:55:24.268 INFO - To downstream: {"sessionId":"79fe8d7e52912b41ee665e8120a26fac","status":0,"value":"300"}
13:55:24.270 INFO - Found handler: org.openqa.selenium.remote.server.ServicedSession@11a39e94
13:55:24.271 INFO - Handler thread for session 79fe8d7e52912b41ee665e8120a26fac (chrome): Executing POST on /session/79fe8d7e52912b41ee665e8120a26fac/element (handler: ServicedSession)
13:55:24.272 INFO - To upstream: {"using":"css selector","value":"input[name=\"card\"]"}
13:55:24.288 INFO - To downstream: {"sessionId":"79fe8d7e52912b41ee665e8120a26fac","status":0,"value":{"ELEMENT":"0.40588348639719274-3"}}
13:55:24.290 INFO - Found handler: org.openqa.selenium.remote.server.ServicedSession@11a39e94
13:55:24.291 INFO - Handler thread for session 79fe8d7e52912b41ee665e8120a26fac (chrome): Executing POST on /session/79fe8d7e52912b41ee665e8120a26fac/element/0.40588348639719274-3/clear (handler: ServicedSession)
13:55:24.291 INFO - To upstream: 
13:55:24.317 INFO - To downstream: {"sessionId":"79fe8d7e52912b41ee665e8120a26fac","status":0,"value":null}
13:55:24.323 INFO - Found handler: org.openqa.selenium.remote.server.ServicedSession@11a39e94
13:55:24.323 INFO - Handler thread for session 79fe8d7e52912b41ee665e8120a26fac (chrome): Executing POST on /session/79fe8d7e52912b41ee665e8120a26fac/element (handler: ServicedSession)
13:55:24.324 INFO - To upstream: {"using":"css selector","value":"input[name=\"card\"]"}
13:55:24.330 INFO - To downstream: {"sessionId":"79fe8d7e52912b41ee665e8120a26fac","status":0,"value":{"ELEMENT":"0.40588348639719274-3"}}
13:55:24.333 INFO - Found handler: org.openqa.selenium.remote.server.ServicedSession@11a39e94
13:55:24.333 INFO - Handler thread for session 79fe8d7e52912b41ee665e8120a26fac (chrome): Executing POST on /session/79fe8d7e52912b41ee665e8120a26fac/element/0.40588348639719274-3/value (handler: ServicedSession)
13:55:24.335 INFO - To upstream: {"value":["1","2","3","4"," ","4","5","6","7"," ","8","9","1","0"," ","9","8","7","6"]}
13:55:24.456 INFO - To downstream: {"sessionId":"79fe8d7e52912b41ee665e8120a26fac","status":0,"value":null}
13:55:24.459 INFO - Found handler: org.openqa.selenium.remote.server.ServicedSession@11a39e94
13:55:24.459 INFO - Handler thread for session 79fe8d7e52912b41ee665e8120a26fac (chrome): Executing POST on /session/79fe8d7e52912b41ee665e8120a26fac/element (handler: ServicedSession)
13:55:24.460 INFO - To upstream: {"using":"css selector","value":"input[name=\"card\"]"}
13:55:24.467 INFO - To downstream: {"sessionId":"79fe8d7e52912b41ee665e8120a26fac","status":0,"value":{"ELEMENT":"0.40588348639719274-3"}}
13:55:24.470 INFO - Found handler: org.openqa.selenium.remote.server.ServicedSession@11a39e94
13:55:24.470 INFO - Handler thread for session 79fe8d7e52912b41ee665e8120a26fac (chrome): Executing GET on /session/79fe8d7e52912b41ee665e8120a26fac/element/0.40588348639719274-3/attribute/value (handler: ServicedSession)
13:55:24.475 INFO - To downstream: {"sessionId":"79fe8d7e52912b41ee665e8120a26fac","status":0,"value":"1234 4567 8910 9876"}
13:55:24.478 INFO - Found handler: org.openqa.selenium.remote.server.ServicedSession@11a39e94
13:55:24.478 INFO - Handler thread for session 79fe8d7e52912b41ee665e8120a26fac (chrome): Executing POST on /session/79fe8d7e52912b41ee665e8120a26fac/element (handler: ServicedSession)
13:55:24.480 INFO - To upstream: {"using":"css selector","value":"input[name=\"cvc\"]"}
13:55:24.488 INFO - To downstream: {"sessionId":"79fe8d7e52912b41ee665e8120a26fac","status":0,"value":{"ELEMENT":"0.40588348639719274-4"}}
13:55:24.488 INFO - Found handler: org.openqa.selenium.remote.server.ServicedSession@11a39e94
13:55:24.488 INFO - Handler thread for session 79fe8d7e52912b41ee665e8120a26fac (chrome): Executing POST on /session/79fe8d7e52912b41ee665e8120a26fac/element/0.40588348639719274-4/clear (handler: ServicedSession)
13:55:24.488 INFO - To upstream: 
13:55:24.523 INFO - To downstream: {"sessionId":"79fe8d7e52912b41ee665e8120a26fac","status":0,"value":null}
13:55:24.526 INFO - Found handler: org.openqa.selenium.remote.server.ServicedSession@11a39e94
13:55:24.527 INFO - Handler thread for session 79fe8d7e52912b41ee665e8120a26fac (chrome): Executing POST on /session/79fe8d7e52912b41ee665e8120a26fac/element (handler: ServicedSession)
13:55:24.527 INFO - To upstream: {"using":"css selector","value":"input[name=\"cvc\"]"}
13:55:24.534 INFO - To downstream: {"sessionId":"79fe8d7e52912b41ee665e8120a26fac","status":0,"value":{"ELEMENT":"0.40588348639719274-4"}}
13:55:24.537 INFO - Found handler: org.openqa.selenium.remote.server.ServicedSession@11a39e94
13:55:24.538 INFO - Handler thread for session 79fe8d7e52912b41ee665e8120a26fac (chrome): Executing POST on /session/79fe8d7e52912b41ee665e8120a26fac/element/0.40588348639719274-4/value (handler: ServicedSession)
13:55:24.539 INFO - To upstream: {"value":["4","5","6"]}
13:55:24.585 INFO - To downstream: {"sessionId":"79fe8d7e52912b41ee665e8120a26fac","status":0,"value":null}
13:55:24.588 INFO - Found handler: org.openqa.selenium.remote.server.ServicedSession@11a39e94
13:55:24.589 INFO - Handler thread for session 79fe8d7e52912b41ee665e8120a26fac (chrome): Executing POST on /session/79fe8d7e52912b41ee665e8120a26fac/element (handler: ServicedSession)
13:55:24.590 INFO - To upstream: {"using":"css selector","value":"input[name=\"cvc\"]"}
13:55:24.596 INFO - To downstream: {"sessionId":"79fe8d7e52912b41ee665e8120a26fac","status":0,"value":{"ELEMENT":"0.40588348639719274-4"}}
13:55:24.599 INFO - Found handler: org.openqa.selenium.remote.server.ServicedSession@11a39e94
13:55:24.600 INFO - Handler thread for session 79fe8d7e52912b41ee665e8120a26fac (chrome): Executing GET on /session/79fe8d7e52912b41ee665e8120a26fac/element/0.40588348639719274-4/attribute/value (handler: ServicedSession)
13:55:24.605 INFO - To downstream: {"sessionId":"79fe8d7e52912b41ee665e8120a26fac","status":0,"value":"456"}
13:55:24.610 INFO - Found handler: org.openqa.selenium.remote.server.ServicedSession@11a39e94
13:55:24.610 INFO - Handler thread for session 79fe8d7e52912b41ee665e8120a26fac (chrome): Executing POST on /session/79fe8d7e52912b41ee665e8120a26fac/element (handler: ServicedSession)
13:55:24.611 INFO - To upstream: {"using":"css selector","value":"input[name=\"exp\"]"}
13:55:24.627 INFO - To downstream: {"sessionId":"79fe8d7e52912b41ee665e8120a26fac","status":0,"value":{"ELEMENT":"0.40588348639719274-5"}}
13:55:24.631 INFO - Found handler: org.openqa.selenium.remote.server.ServicedSession@11a39e94
13:55:24.631 INFO - Handler thread for session 79fe8d7e52912b41ee665e8120a26fac (chrome): Executing POST on /session/79fe8d7e52912b41ee665e8120a26fac/element/0.40588348639719274-5/clear (handler: ServicedSession)
13:55:24.632 INFO - To upstream: 
13:55:24.652 INFO - To downstream: {"sessionId":"79fe8d7e52912b41ee665e8120a26fac","status":12,"value":{"message":"invalid element state: Element must be user-editable in order to clear it.\n  (Session info: chrome=62.0.3202.94)\n  (Driver info: chromedriver=2.33.506120 (e3e53437346286c0bc2d2dc9aa4915ba81d9023f),platform=Windows NT 10.0.15063 x86_64)"}}
13:55:24.657 INFO - Found handler: org.openqa.selenium.remote.server.ServicedSession@11a39e94
13:55:24.657 INFO - Handler thread for session 79fe8d7e52912b41ee665e8120a26fac (chrome): Executing POST on /session/79fe8d7e52912b41ee665e8120a26fac/element (handler: ServicedSession)
13:55:24.658 INFO - To upstream: {"using":"css selector","value":"input[name=\"exp\"]"}
13:55:24.664 INFO - To downstream: {"sessionId":"79fe8d7e52912b41ee665e8120a26fac","status":0,"value":{"ELEMENT":"0.40588348639719274-5"}}
13:55:24.667 INFO - Found handler: org.openqa.selenium.remote.server.ServicedSession@11a39e94
13:55:24.667 INFO - Handler thread for session 79fe8d7e52912b41ee665e8120a26fac (chrome): Executing POST on /session/79fe8d7e52912b41ee665e8120a26fac/element/0.40588348639719274-5/value (handler: ServicedSession)
13:55:24.668 INFO - To upstream: {"value":["1","2","/","3","1","/","2","0","1","7"]}
13:55:24.731 INFO - To downstream: {"sessionId":"79fe8d7e52912b41ee665e8120a26fac","status":0,"value":null}
13:55:24.733 INFO - Found handler: org.openqa.selenium.remote.server.ServicedSession@11a39e94
13:55:24.734 INFO - Handler thread for session 79fe8d7e52912b41ee665e8120a26fac (chrome): Executing POST on /session/79fe8d7e52912b41ee665e8120a26fac/element (handler: ServicedSession)
13:55:24.735 INFO - To upstream: {"using":"css selector","value":"input[name=\"exp\"]"}
13:55:24.741 INFO - To downstream: {"sessionId":"79fe8d7e52912b41ee665e8120a26fac","status":0,"value":{"ELEMENT":"0.40588348639719274-5"}}
13:55:24.743 INFO - Found handler: org.openqa.selenium.remote.server.ServicedSession@11a39e94
13:55:24.743 INFO - Handler thread for session 79fe8d7e52912b41ee665e8120a26fac (chrome): Executing GET on /session/79fe8d7e52912b41ee665e8120a26fac/element/0.40588348639719274-5/attribute/value (handler: ServicedSession)
13:55:24.748 INFO - To downstream: {"sessionId":"79fe8d7e52912b41ee665e8120a26fac","status":0,"value":"2017-12-31"}
13:55:24.752 INFO - Found handler: org.openqa.selenium.remote.server.ServicedSession@11a39e94
13:55:24.752 INFO - Handler thread for session 79fe8d7e52912b41ee665e8120a26fac (chrome): Executing POST on /session/79fe8d7e52912b41ee665e8120a26fac/element (handler: ServicedSession)
13:55:24.754 INFO - To upstream: {"using":"css selector","value":"button[class=\"donate-btn\"]"}
13:55:24.769 INFO - To downstream: {"sessionId":"79fe8d7e52912b41ee665e8120a26fac","status":0,"value":{"ELEMENT":"0.40588348639719274-6"}}
13:55:24.771 INFO - Found handler: org.openqa.selenium.remote.server.ServicedSession@11a39e94
13:55:24.771 INFO - Handler thread for session 79fe8d7e52912b41ee665e8120a26fac (chrome): Executing POST on /session/79fe8d7e52912b41ee665e8120a26fac/element/0.40588348639719274-6/click (handler: ServicedSession)
13:55:24.772 INFO - To upstream: 
13:55:24.839 INFO - To downstream: {"sessionId":"79fe8d7e52912b41ee665e8120a26fac","status":0,"value":null}
13:55:24.943 INFO - Found handler: org.openqa.selenium.remote.server.ServicedSession@11a39e94
13:55:24.943 INFO - Handler thread for session 79fe8d7e52912b41ee665e8120a26fac (chrome): Executing POST on /session/79fe8d7e52912b41ee665e8120a26fac/url (handler: ServicedSession)
13:55:24.943 INFO - To upstream: {"url":"http://192.168.11.79:3000"}
13:55:25.423 INFO - To downstream: {"sessionId":"79fe8d7e52912b41ee665e8120a26fac","status":0,"value":null}
13:55:25.427 INFO - Found handler: org.openqa.selenium.remote.server.ServicedSession@11a39e94
13:55:25.427 INFO - Handler thread for session 79fe8d7e52912b41ee665e8120a26fac (chrome): Executing POST on /session/79fe8d7e52912b41ee665e8120a26fac/url (handler: ServicedSession)
13:55:25.429 INFO - To upstream: {"url":"http://192.168.11.79:3000/support"}
13:55:25.703 INFO - To downstream: {"sessionId":"79fe8d7e52912b41ee665e8120a26fac","status":0,"value":null}
13:55:25.706 INFO - Found handler: org.openqa.selenium.remote.server.ServicedSession@11a39e94
13:55:25.706 INFO - Handler thread for session 79fe8d7e52912b41ee665e8120a26fac (chrome): Executing POST on /session/79fe8d7e52912b41ee665e8120a26fac/element (handler: ServicedSession)
13:55:25.707 INFO - To upstream: {"using":"css selector","value":"input[name=\"email\"]"}
13:55:25.726 INFO - To downstream: {"sessionId":"79fe8d7e52912b41ee665e8120a26fac","status":0,"value":{"ELEMENT":"0.9697208538715643-1"}}
13:55:25.729 INFO - Found handler: org.openqa.selenium.remote.server.ServicedSession@11a39e94
13:55:25.730 INFO - Handler thread for session 79fe8d7e52912b41ee665e8120a26fac (chrome): Executing POST on /session/79fe8d7e52912b41ee665e8120a26fac/element/0.9697208538715643-1/clear (handler: ServicedSession)
13:55:25.731 INFO - To upstream: 
13:55:25.760 INFO - To downstream: {"sessionId":"79fe8d7e52912b41ee665e8120a26fac","status":0,"value":null}
13:55:25.764 INFO - Found handler: org.openqa.selenium.remote.server.ServicedSession@11a39e94
13:55:25.764 INFO - Handler thread for session 79fe8d7e52912b41ee665e8120a26fac (chrome): Executing POST on /session/79fe8d7e52912b41ee665e8120a26fac/element (handler: ServicedSession)
13:55:25.765 INFO - To upstream: {"using":"css selector","value":"input[name=\"email\"]"}
13:55:25.771 INFO - To downstream: {"sessionId":"79fe8d7e52912b41ee665e8120a26fac","status":0,"value":{"ELEMENT":"0.9697208538715643-1"}}
13:55:25.774 INFO - Found handler: org.openqa.selenium.remote.server.ServicedSession@11a39e94
13:55:25.774 INFO - Handler thread for session 79fe8d7e52912b41ee665e8120a26fac (chrome): Executing POST on /session/79fe8d7e52912b41ee665e8120a26fac/element/0.9697208538715643-1/value (handler: ServicedSession)
13:55:25.775 INFO - To upstream: {"value":["e","m","a","i","l",".","m","i","n","e","@","g","m","a","i","l","c","o","m"]}
13:55:25.931 INFO - To downstream: {"sessionId":"79fe8d7e52912b41ee665e8120a26fac","status":0,"value":null}
13:55:25.935 INFO - Found handler: org.openqa.selenium.remote.server.ServicedSession@11a39e94
13:55:25.935 INFO - Handler thread for session 79fe8d7e52912b41ee665e8120a26fac (chrome): Executing POST on /session/79fe8d7e52912b41ee665e8120a26fac/element (handler: ServicedSession)
13:55:25.936 INFO - To upstream: {"using":"css selector","value":"input[name=\"email\"]"}
13:55:25.942 INFO - To downstream: {"sessionId":"79fe8d7e52912b41ee665e8120a26fac","status":0,"value":{"ELEMENT":"0.9697208538715643-1"}}
13:55:25.944 INFO - Found handler: org.openqa.selenium.remote.server.ServicedSession@11a39e94
13:55:25.945 INFO - Handler thread for session 79fe8d7e52912b41ee665e8120a26fac (chrome): Executing GET on /session/79fe8d7e52912b41ee665e8120a26fac/element/0.9697208538715643-1/attribute/value (handler: ServicedSession)
13:55:25.949 INFO - To downstream: {"sessionId":"79fe8d7e52912b41ee665e8120a26fac","status":0,"value":"email.mine@gmailcom"}
13:55:25.953 INFO - Found handler: org.openqa.selenium.remote.server.ServicedSession@11a39e94
13:55:25.953 INFO - Handler thread for session 79fe8d7e52912b41ee665e8120a26fac (chrome): Executing POST on /session/79fe8d7e52912b41ee665e8120a26fac/element (handler: ServicedSession)
13:55:25.954 INFO - To upstream: {"using":"css selector","value":"input[name=\"amount\"]"}
13:55:25.960 INFO - To downstream: {"sessionId":"79fe8d7e52912b41ee665e8120a26fac","status":0,"value":{"ELEMENT":"0.9697208538715643-2"}}
13:55:25.963 INFO - Found handler: org.openqa.selenium.remote.server.ServicedSession@11a39e94
13:55:25.963 INFO - Handler thread for session 79fe8d7e52912b41ee665e8120a26fac (chrome): Executing POST on /session/79fe8d7e52912b41ee665e8120a26fac/element/0.9697208538715643-2/clear (handler: ServicedSession)
13:55:25.964 INFO - To upstream: 
13:55:25.992 INFO - To downstream: {"sessionId":"79fe8d7e52912b41ee665e8120a26fac","status":0,"value":null}
13:55:25.996 INFO - Found handler: org.openqa.selenium.remote.server.ServicedSession@11a39e94
13:55:25.997 INFO - Handler thread for session 79fe8d7e52912b41ee665e8120a26fac (chrome): Executing POST on /session/79fe8d7e52912b41ee665e8120a26fac/element (handler: ServicedSession)
13:55:25.997 INFO - To upstream: {"using":"css selector","value":"input[name=\"amount\"]"}
13:55:26.004 INFO - To downstream: {"sessionId":"79fe8d7e52912b41ee665e8120a26fac","status":0,"value":{"ELEMENT":"0.9697208538715643-2"}}
13:55:26.007 INFO - Found handler: org.openqa.selenium.remote.server.ServicedSession@11a39e94
13:55:26.007 INFO - Handler thread for session 79fe8d7e52912b41ee665e8120a26fac (chrome): Executing POST on /session/79fe8d7e52912b41ee665e8120a26fac/element/0.9697208538715643-2/value (handler: ServicedSession)
13:55:26.008 INFO - To upstream: {"value":["a","b","c"]}
13:55:26.043 INFO - To downstream: {"sessionId":"79fe8d7e52912b41ee665e8120a26fac","status":0,"value":null}
13:55:26.047 INFO - Found handler: org.openqa.selenium.remote.server.ServicedSession@11a39e94
13:55:26.048 INFO - Handler thread for session 79fe8d7e52912b41ee665e8120a26fac (chrome): Executing POST on /session/79fe8d7e52912b41ee665e8120a26fac/element (handler: ServicedSession)
13:55:26.049 INFO - To upstream: {"using":"css selector","value":"input[name=\"amount\"]"}
13:55:26.055 INFO - To downstream: {"sessionId":"79fe8d7e52912b41ee665e8120a26fac","status":0,"value":{"ELEMENT":"0.9697208538715643-2"}}
13:55:26.058 INFO - Found handler: org.openqa.selenium.remote.server.ServicedSession@11a39e94
13:55:26.058 INFO - Handler thread for session 79fe8d7e52912b41ee665e8120a26fac (chrome): Executing GET on /session/79fe8d7e52912b41ee665e8120a26fac/element/0.9697208538715643-2/attribute/value (handler: ServicedSession)
13:55:26.064 INFO - To downstream: {"sessionId":"79fe8d7e52912b41ee665e8120a26fac","status":0,"value":""}
13:55:26.067 INFO - Found handler: org.openqa.selenium.remote.server.ServicedSession@11a39e94
13:55:26.068 INFO - Handler thread for session 79fe8d7e52912b41ee665e8120a26fac (chrome): Executing POST on /session/79fe8d7e52912b41ee665e8120a26fac/element (handler: ServicedSession)
13:55:26.069 INFO - To upstream: {"using":"css selector","value":"input[name=\"card\"]"}
13:55:26.074 INFO - To downstream: {"sessionId":"79fe8d7e52912b41ee665e8120a26fac","status":0,"value":{"ELEMENT":"0.9697208538715643-3"}}
13:55:26.076 INFO - Found handler: org.openqa.selenium.remote.server.ServicedSession@11a39e94
13:55:26.076 INFO - Handler thread for session 79fe8d7e52912b41ee665e8120a26fac (chrome): Executing POST on /session/79fe8d7e52912b41ee665e8120a26fac/element/0.9697208538715643-3/clear (handler: ServicedSession)
13:55:26.077 INFO - To upstream: 
13:55:26.104 INFO - To downstream: {"sessionId":"79fe8d7e52912b41ee665e8120a26fac","status":0,"value":null}
13:55:26.107 INFO - Found handler: org.openqa.selenium.remote.server.ServicedSession@11a39e94
13:55:26.107 INFO - Handler thread for session 79fe8d7e52912b41ee665e8120a26fac (chrome): Executing POST on /session/79fe8d7e52912b41ee665e8120a26fac/element (handler: ServicedSession)
13:55:26.108 INFO - To upstream: {"using":"css selector","value":"input[name=\"card\"]"}
13:55:26.114 INFO - To downstream: {"sessionId":"79fe8d7e52912b41ee665e8120a26fac","status":0,"value":{"ELEMENT":"0.9697208538715643-3"}}
13:55:26.116 INFO - Found handler: org.openqa.selenium.remote.server.ServicedSession@11a39e94
13:55:26.116 INFO - Handler thread for session 79fe8d7e52912b41ee665e8120a26fac (chrome): Executing POST on /session/79fe8d7e52912b41ee665e8120a26fac/element/0.9697208538715643-3/value (handler: ServicedSession)
13:55:26.117 INFO - To upstream: {"value":["1","2","3","4"," ","4","5","6","7"," ","8","7","6","A"]}
13:55:26.219 INFO - To downstream: {"sessionId":"79fe8d7e52912b41ee665e8120a26fac","status":0,"value":null}
13:55:26.221 INFO - Found handler: org.openqa.selenium.remote.server.ServicedSession@11a39e94
13:55:26.222 INFO - Handler thread for session 79fe8d7e52912b41ee665e8120a26fac (chrome): Executing POST on /session/79fe8d7e52912b41ee665e8120a26fac/element (handler: ServicedSession)
13:55:26.223 INFO - To upstream: {"using":"css selector","value":"input[name=\"card\"]"}
13:55:26.229 INFO - To downstream: {"sessionId":"79fe8d7e52912b41ee665e8120a26fac","status":0,"value":{"ELEMENT":"0.9697208538715643-3"}}
13:55:26.231 INFO - Found handler: org.openqa.selenium.remote.server.ServicedSession@11a39e94
13:55:26.231 INFO - Handler thread for session 79fe8d7e52912b41ee665e8120a26fac (chrome): Executing GET on /session/79fe8d7e52912b41ee665e8120a26fac/element/0.9697208538715643-3/attribute/value (handler: ServicedSession)
13:55:26.237 INFO - To downstream: {"sessionId":"79fe8d7e52912b41ee665e8120a26fac","status":0,"value":"1234 4567 876A"}
13:55:26.240 INFO - Found handler: org.openqa.selenium.remote.server.ServicedSession@11a39e94
13:55:26.240 INFO - Handler thread for session 79fe8d7e52912b41ee665e8120a26fac (chrome): Executing POST on /session/79fe8d7e52912b41ee665e8120a26fac/element (handler: ServicedSession)
13:55:26.241 INFO - To upstream: {"using":"css selector","value":"input[name=\"cvc\"]"}
13:55:26.246 INFO - To downstream: {"sessionId":"79fe8d7e52912b41ee665e8120a26fac","status":0,"value":{"ELEMENT":"0.9697208538715643-4"}}
13:55:26.249 INFO - Found handler: org.openqa.selenium.remote.server.ServicedSession@11a39e94
13:55:26.249 INFO - Handler thread for session 79fe8d7e52912b41ee665e8120a26fac (chrome): Executing POST on /session/79fe8d7e52912b41ee665e8120a26fac/element/0.9697208538715643-4/clear (handler: ServicedSession)
13:55:26.250 INFO - To upstream: 
13:55:26.274 INFO - To downstream: {"sessionId":"79fe8d7e52912b41ee665e8120a26fac","status":0,"value":null}
13:55:26.277 INFO - Found handler: org.openqa.selenium.remote.server.ServicedSession@11a39e94
13:55:26.277 INFO - Handler thread for session 79fe8d7e52912b41ee665e8120a26fac (chrome): Executing POST on /session/79fe8d7e52912b41ee665e8120a26fac/element (handler: ServicedSession)
13:55:26.278 INFO - To upstream: {"using":"css selector","value":"input[name=\"cvc\"]"}
13:55:26.284 INFO - To downstream: {"sessionId":"79fe8d7e52912b41ee665e8120a26fac","status":0,"value":{"ELEMENT":"0.9697208538715643-4"}}
13:55:26.286 INFO - Found handler: org.openqa.selenium.remote.server.ServicedSession@11a39e94
13:55:26.286 INFO - Handler thread for session 79fe8d7e52912b41ee665e8120a26fac (chrome): Executing POST on /session/79fe8d7e52912b41ee665e8120a26fac/element/0.9697208538715643-4/value (handler: ServicedSession)
13:55:26.287 INFO - To upstream: {"value":["1","l","6"]}
13:55:26.333 INFO - To downstream: {"sessionId":"79fe8d7e52912b41ee665e8120a26fac","status":0,"value":null}
13:55:26.336 INFO - Found handler: org.openqa.selenium.remote.server.ServicedSession@11a39e94
13:55:26.336 INFO - Handler thread for session 79fe8d7e52912b41ee665e8120a26fac (chrome): Executing POST on /session/79fe8d7e52912b41ee665e8120a26fac/element (handler: ServicedSession)
13:55:26.337 INFO - To upstream: {"using":"css selector","value":"input[name=\"cvc\"]"}
13:55:26.344 INFO - To downstream: {"sessionId":"79fe8d7e52912b41ee665e8120a26fac","status":0,"value":{"ELEMENT":"0.9697208538715643-4"}}
13:55:26.347 INFO - Found handler: org.openqa.selenium.remote.server.ServicedSession@11a39e94
13:55:26.347 INFO - Handler thread for session 79fe8d7e52912b41ee665e8120a26fac (chrome): Executing GET on /session/79fe8d7e52912b41ee665e8120a26fac/element/0.9697208538715643-4/attribute/value (handler: ServicedSession)
13:55:26.353 INFO - To downstream: {"sessionId":"79fe8d7e52912b41ee665e8120a26fac","status":0,"value":"1l6"}
13:55:26.357 INFO - Found handler: org.openqa.selenium.remote.server.ServicedSession@11a39e94
13:55:26.357 INFO - Handler thread for session 79fe8d7e52912b41ee665e8120a26fac (chrome): Executing POST on /session/79fe8d7e52912b41ee665e8120a26fac/element (handler: ServicedSession)
13:55:26.358 INFO - To upstream: {"using":"css selector","value":"input[name=\"exp\"]"}
13:55:26.363 INFO - To downstream: {"sessionId":"79fe8d7e52912b41ee665e8120a26fac","status":0,"value":{"ELEMENT":"0.9697208538715643-5"}}
13:55:26.365 INFO - Found handler: org.openqa.selenium.remote.server.ServicedSession@11a39e94
13:55:26.366 INFO - Handler thread for session 79fe8d7e52912b41ee665e8120a26fac (chrome): Executing POST on /session/79fe8d7e52912b41ee665e8120a26fac/element/0.9697208538715643-5/clear (handler: ServicedSession)
13:55:26.366 INFO - To upstream: 
13:55:26.385 INFO - To downstream: {"sessionId":"79fe8d7e52912b41ee665e8120a26fac","status":12,"value":{"message":"invalid element state: Element must be user-editable in order to clear it.\n  (Session info: chrome=62.0.3202.94)\n  (Driver info: chromedriver=2.33.506120 (e3e53437346286c0bc2d2dc9aa4915ba81d9023f),platform=Windows NT 10.0.15063 x86_64)"}}
13:55:26.388 INFO - Found handler: org.openqa.selenium.remote.server.ServicedSession@11a39e94
13:55:26.388 INFO - Handler thread for session 79fe8d7e52912b41ee665e8120a26fac (chrome): Executing POST on /session/79fe8d7e52912b41ee665e8120a26fac/element (handler: ServicedSession)
13:55:26.389 INFO - To upstream: {"using":"css selector","value":"input[name=\"exp\"]"}
13:55:26.394 INFO - To downstream: {"sessionId":"79fe8d7e52912b41ee665e8120a26fac","status":0,"value":{"ELEMENT":"0.9697208538715643-5"}}
13:55:26.397 INFO - Found handler: org.openqa.selenium.remote.server.ServicedSession@11a39e94
13:55:26.397 INFO - Handler thread for session 79fe8d7e52912b41ee665e8120a26fac (chrome): Executing POST on /session/79fe8d7e52912b41ee665e8120a26fac/element/0.9697208538715643-5/value (handler: ServicedSession)
13:55:26.398 INFO - To upstream: {"value":["1","2","/","0","5","/","y","y","y","y"]}
13:55:26.454 INFO - To downstream: {"sessionId":"79fe8d7e52912b41ee665e8120a26fac","status":0,"value":null}
13:55:26.458 INFO - Found handler: org.openqa.selenium.remote.server.ServicedSession@11a39e94
13:55:26.458 INFO - Handler thread for session 79fe8d7e52912b41ee665e8120a26fac (chrome): Executing POST on /session/79fe8d7e52912b41ee665e8120a26fac/element (handler: ServicedSession)
13:55:26.459 INFO - To upstream: {"using":"css selector","value":"input[name=\"exp\"]"}
13:55:26.465 INFO - To downstream: {"sessionId":"79fe8d7e52912b41ee665e8120a26fac","status":0,"value":{"ELEMENT":"0.9697208538715643-5"}}
13:55:26.467 INFO - Found handler: org.openqa.selenium.remote.server.ServicedSession@11a39e94
13:55:26.468 INFO - Handler thread for session 79fe8d7e52912b41ee665e8120a26fac (chrome): Executing GET on /session/79fe8d7e52912b41ee665e8120a26fac/element/0.9697208538715643-5/attribute/value (handler: ServicedSession)
13:55:26.472 INFO - To downstream: {"sessionId":"79fe8d7e52912b41ee665e8120a26fac","status":0,"value":""}
13:55:26.476 INFO - Found handler: org.openqa.selenium.remote.server.ServicedSession@11a39e94
13:55:26.476 INFO - Handler thread for session 79fe8d7e52912b41ee665e8120a26fac (chrome): Executing POST on /session/79fe8d7e52912b41ee665e8120a26fac/element (handler: ServicedSession)
13:55:26.477 INFO - To upstream: {"using":"css selector","value":"button[class=\"donate-btn\"]"}
13:55:26.483 INFO - To downstream: {"sessionId":"79fe8d7e52912b41ee665e8120a26fac","status":0,"value":{"ELEMENT":"0.9697208538715643-6"}}
13:55:26.486 INFO - Found handler: org.openqa.selenium.remote.server.ServicedSession@11a39e94
13:55:26.486 INFO - Handler thread for session 79fe8d7e52912b41ee665e8120a26fac (chrome): Executing POST on /session/79fe8d7e52912b41ee665e8120a26fac/element/0.9697208538715643-6/click (handler: ServicedSession)
13:55:26.487 INFO - To upstream: 
13:55:26.553 INFO - To downstream: {"sessionId":"79fe8d7e52912b41ee665e8120a26fac","status":0,"value":null}
13:55:26.661 INFO - Found handler: org.openqa.selenium.remote.server.ServicedSession@11a39e94
13:55:26.661 INFO - Handler thread for session 79fe8d7e52912b41ee665e8120a26fac (chrome): Executing DELETE on /session/79fe8d7e52912b41ee665e8120a26fac (handler: ServicedSession)
13:55:26.771 INFO - To downstream: {"sessionId":"79fe8d7e52912b41ee665e8120a26fac","status":0,"value":null}
13:55:26.771 INFO - Removing session org.openqa.selenium.remote.server.ServicedSession@11a39e94
